<?xml version="1.0" encoding="UTF-8"?>
<testsuite name="proj.poo.personne.PersonneTest" tests="1" skipped="0" failures="0" errors="0" timestamp="2021-05-27T18:13:24" hostname="DESKTOP-NQ7OF09" time="0.027">
  <properties/>
  <testcase name="testFlux()" classname="proj.poo.personne.PersonneTest" time="0.027"/>
  <system-out><![CDATA[dener gerad Homme
]]></system-out>
  <system-err><![CDATA[]]></system-err>
</testsuite>
